{
  "RSpec": {
    "coverage": {
      "/Users/dmcnelis/Development/api/app/api/api.rb": [
        null,
        null,
        1,
        null,
        1,
        1,
        1,
        1,
        1,
        null,
        1,
        1,
        null,
        1,
        1,
        1,
        1,
        null,
        1,
        1,
        null,
        null,
        1,
        1,
        1,
        1,
        1,
        null,
        null,
        1,
        2,
        null,
        null,
        null,
        null,
        null,
        null,
        null,
        null,
        null,
        null,
        null,
        null,
        null,
        null
      ],
      "/Users/dmcnelis/Development/api/app/api/concerns/authenticate.rb": [
        null,
        null,
        1,
        null,
        1,
        null,
        1,
        null,
        1,
        null,
        1,
        null,
        1,
        null,
        1,
        null,
        42,
        42,
        42,
        null,
        57,
        null,
        null,
        1,
        null,
        7,
        22,
        null,
        null,
        1,
        null,
        46,
        80,
        null,
        null,
        1,
        18,
        null,
        null,
        42,
        null,
        null,
        null,
        null,
        null,
        null,
        null,
        null,
        null,
        null
      ],
      "/Users/dmcnelis/Development/api/lib/token.rb": [
        1,
        null,
        1,
        null,
        1,
        1,
        1,
        1,
        1,
        1,
        null,
        1,
        null,
        null,
        1,
        33,
        null,
        null,
        null,
        null,
        null,
        null,
        1,
        6,
        null,
        null,
        null,
        1,
        130,
        130,
        130,
        130,
        130,
        130,
        130,
        130,
        null,
        null,
        1,
        null,
        1,
        1,
        null,
        null,
        1,
        60,
        60,
        null,
        null,
        1,
        2,
        2,
        null,
        null,
        1,
        10,
        null,
        null,
        1,
        2,
        null,
        null,
        1,
        2,
        2,
        0,
        0,
        0,
        null,
        null,
        1,
        6,
        null,
        null,
        null,
        1,
        0,
        0,
        0,
        0,
        0,
        0,
        0,
        0,
        0,
        0,
        null,
        null,
        null,
        1,
        null,
        1,
        83,
        83,
        83,
        83,
        83,
        83,
        83,
        83,
        83,
        null,
        83,
        83,
        null,
        3,
        null,
        46,
        46,
        null,
        null,
        null,
        null,
        null,
        83,
        83,
        null,
        null,
        null,
        83,
        50,
        50,
        null,
        83,
        83,
        null,
        null,
        1,
        130,
        130,
        130,
        130,
        130,
        130,
        130,
        130,
        130,
        130,
        130,
        null,
        null,
        1,
        277,
        266,
        266,
        null,
        277,
        null,
        null,
        null
      ],
      "/Users/dmcnelis/Development/api/app/api/concerns/authorize.rb": [
        null,
        null,
        1,
        null,
        1,
        null,
        1,
        null,
        1,
        null,
        1,
        null,
        null,
        1,
        0,
        0,
        null,
        null,
        null,
        null,
        1,
        0,
        null,
        null,
        null,
        null,
        1,
        0,
        0,
        null,
        null,
        null,
        1,
        24,
        null,
        null,
        null,
        1,
        0,
        0,
        null,
        null,
        null,
        1,
        24,
        null,
        null,
        1,
        24,
        null,
        null,
        null,
        1,
        0,
        null,
        null,
        null,
        1,
        24,
        null,
        null,
        1,
        0,
        null,
        null,
        1,
        24,
        24,
        24,
        null,
        null,
        1,
        4,
        null,
        null,
        24,
        null,
        null,
        1,
        null,
        null,
        null,
        14,
        14,
        null,
        null,
        null,
        null,
        null,
        null,
        null,
        null,
        null
      ],
      "/Users/dmcnelis/Development/api/app/api/concerns/benchmark.rb": [
        null,
        null,
        1,
        null,
        1,
        null,
        1,
        null,
        1,
        null,
        1,
        null,
        1,
        null,
        null,
        null,
        null,
        1,
        51,
        null,
        null,
        null,
        null,
        null,
        null,
        1,
        51,
        0,
        0,
        0,
        null,
        0,
        0,
        null,
        51,
        null,
        null,
        null,
        null,
        null,
        null,
        null,
        null,
        null,
        null,
        null,
        null
      ],
      "/Users/dmcnelis/Development/api/app/api/concerns/paginate.rb": [
        null,
        null,
        1,
        null,
        1,
        null,
        1,
        null,
        1,
        null,
        1,
        null,
        1,
        27,
        1,
        1,
        1,
        1,
        1,
        1,
        1,
        1,
        null,
        null,
        6,
        null,
        null,
        null,
        null,
        null,
        1,
        3,
        null,
        null,
        null,
        null,
        3,
        3,
        3,
        3,
        3,
        null,
        null,
        null,
        null,
        null,
        null,
        1,
        1,
        1,
        null,
        1,
        1,
        0,
        null,
        null,
        null,
        null,
        null,
        null,
        null
      ],
      "/Users/dmcnelis/Development/api/app/api/concerns/parameters.rb": [
        null,
        null,
        1,
        null,
        1,
        null,
        1,
        null,
        1,
        null,
        1,
        null,
        1,
        43,
        null,
        null,
        null,
        null,
        null,
        null,
        null,
        null,
        null
      ],
      "/Users/dmcnelis/Development/api/app/api/api_error_formatter.rb": [
        null,
        null,
        1,
        1,
        28,
        1,
        null,
        null,
        null,
        null,
        null,
        1,
        null,
        null,
        null,
        null,
        null,
        null,
        0,
        null,
        null,
        null,
        27,
        null,
        null,
        null
      ],
      "/Users/dmcnelis/Development/api/app/api/v1/authorization.rb": [
        null,
        null,
        1,
        null,
        1,
        null,
        1,
        1,
        1,
        null,
        1,
        null,
        null,
        1,
        1,
        null,
        null,
        null,
        1,
        1,
        1,
        null,
        1,
        2,
        2,
        2,
        1,
        null,
        1,
        null,
        null,
        null,
        null,
        null,
        null,
        null,
        null,
        1,
        1,
        null,
        null,
        null,
        1,
        1,
        null,
        1,
        3,
        3,
        3,
        3,
        3,
        3,
        3,
        1,
        1,
        null,
        3,
        2,
        2,
        null,
        3,
        null,
        null,
        null,
        null,
        null,
        1,
        1,
        null,
        null,
        null,
        1,
        1,
        null,
        1,
        4,
        4,
        4,
        2,
        1,
        null,
        1,
        null,
        null,
        2,
        null,
        null,
        null,
        null,
        null,
        null,
        null,
        null,
        null,
        null,
        null,
        null,
        null,
        null
      ],
      "/Users/dmcnelis/Development/api/app/api/v1/attachments.rb": [
        null,
        null,
        1,
        null,
        1,
        null,
        1,
        1,
        1,
        null,
        1,
        null,
        null,
        1,
        1,
        null,
        null,
        null,
        1,
        1,
        1,
        1,
        1,
        1,
        null,
        null,
        null,
        1,
        null,
        null,
        null,
        null,
        1,
        null,
        null,
        null,
        null,
        1,
        2,
        2,
        null,
        null,
        null,
        null,
        null,
        null,
        null,
        null,
        null,
        null,
        1,
        1,
        1,
        1,
        null,
        null,
        null,
        null,
        1,
        null,
        1,
        null,
        1,
        null,
        1,
        1,
        1,
        1,
        null,
        null,
        null,
        null,
        null,
        null,
        null,
        null,
        null,
        null,
        null,
        null,
        1,
        null,
        null,
        null,
        null,
        null,
        null,
        null,
        null
      ],
      "/Users/dmcnelis/Development/api/app/api/v1/clients.rb": [
        null,
        null,
        1,
        null,
        1,
        null,
        1,
        1,
        1,
        null,
        1,
        null,
        1,
        null,
        null,
        1,
        1,
        null,
        null,
        null,
        1,
        4,
        4,
        3,
        3,
        null,
        null,
        null,
        null,
        null,
        1,
        1,
        null,
        null,
        null,
        1,
        1,
        null,
        1,
        2,
        2,
        1,
        1,
        1,
        null,
        null,
        null,
        null,
        1,
        1,
        null,
        null,
        null,
        1,
        1,
        1,
        1,
        1,
        1,
        1,
        1,
        1,
        1,
        1,
        null,
        null,
        1,
        2,
        2,
        1,
        1,
        null,
        null,
        null,
        null,
        null,
        null,
        null,
        null,
        null,
        null,
        null,
        1,
        null,
        null,
        null,
        null,
        1,
        1,
        null,
        null,
        null,
        1,
        1,
        1,
        1,
        1,
        1,
        1,
        1,
        1,
        1,
        1,
        1,
        1,
        null,
        null,
        1,
        3,
        3,
        1,
        1,
        1,
        1,
        1,
        1,
        null,
        null,
        null,
        null,
        1,
        1,
        null,
        null,
        null,
        1,
        1,
        null,
        1,
        3,
        3,
        1,
        1,
        1,
        null,
        null,
        null,
        null,
        null,
        null,
        null,
        null,
        null
      ],
      "/Users/dmcnelis/Development/api/app/api/v1/tags.rb": [
        null,
        null,
        1,
        null,
        1,
        null,
        1,
        1,
        1,
        null,
        1,
        null,
        1,
        null,
        null,
        1,
        1,
        null,
        null,
        null,
        1,
        1,
        1,
        null,
        1,
        3,
        3,
        2,
        2,
        1,
        1,
        null,
        0,
        null,
        null,
        1,
        0,
        null,
        1,
        null,
        null,
        null,
        null,
        null,
        null,
        null,
        1,
        1,
        null,
        null,
        null,
        1,
        1,
        null,
        1,
        2,
        2,
        1,
        1,
        1,
        null,
        null,
        null,
        null,
        1,
        1,
        null,
        null,
        null,
        1,
        1,
        1,
        1,
        1,
        1,
        1,
        null,
        null,
        null,
        1,
        2,
        2,
        1,
        1,
        null,
        null,
        null,
        null,
        null,
        null,
        1,
        null,
        null,
        null,
        null,
        null,
        null,
        null,
        1,
        null,
        null,
        null,
        null,
        1,
        1,
        null,
        null,
        null,
        1,
        1,
        1,
        1,
        1,
        1,
        null,
        null,
        null,
        1,
        3,
        3,
        2,
        2,
        1,
        1,
        1,
        null,
        null,
        null,
        null,
        1,
        1,
        null,
        null,
        null,
        1,
        1,
        null,
        1,
        3,
        3,
        2,
        2,
        1,
        null,
        null,
        null,
        null,
        null,
        null,
        null,
        null,
        null
      ],
      "/Users/dmcnelis/Development/api/app/api/v1/teams.rb": [
        null,
        null,
        1,
        null,
        1,
        null,
        1,
        1,
        1,
        null,
        1,
        null,
        1,
        null,
        null,
        1,
        1,
        null,
        null,
        null,
        1,
        1,
        null,
        1,
        3,
        3,
        2,
        2,
        1,
        null,
        1,
        null,
        null,
        null,
        null,
        null,
        null,
        1,
        1,
        null,
        null,
        null,
        1,
        1,
        null,
        1,
        2,
        2,
        1,
        1,
        1,
        null,
        null,
        null,
        null,
        1,
        1,
        null,
        null,
        null,
        1,
        1,
        1,
        1,
        1,
        null,
        null,
        null,
        1,
        1,
        null,
        null,
        null,
        1,
        2,
        2,
        1,
        1,
        null,
        null,
        null,
        null,
        null,
        null,
        null,
        null,
        null,
        null,
        1,
        null,
        null,
        null,
        null,
        1,
        1,
        null,
        null,
        null,
        1,
        1,
        1,
        1,
        null,
        null,
        null,
        null,
        null,
        1,
        1,
        null,
        null,
        null,
        1,
        3,
        3,
        2,
        2,
        1,
        1,
        1,
        null,
        null,
        null,
        null,
        1,
        1,
        null,
        null,
        null,
        1,
        1,
        null,
        1,
        3,
        3,
        2,
        2,
        1,
        null,
        null,
        null,
        null,
        null,
        null,
        null,
        null,
        null
      ],
      "/Users/dmcnelis/Development/api/app/helpers/application_helper.rb": [
        null,
        null,
        1,
        null
      ],
      "/Users/dmcnelis/Development/api/app/models/client.rb": [
        null,
        null,
        1,
        null,
        1,
        1,
        null,
        1,
        1,
        null,
        1,
        null,
        1,
        null,
        1,
        9,
        null,
        1,
        1,
        null,
        1,
        null,
        1,
        2,
        2,
        2,
        2,
        null,
        null,
        null,
        null,
        1,
        12,
        null,
        null,
        1,
        2,
        null,
        null,
        1,
        1,
        null,
        null,
        1,
        1,
        null,
        null,
        null,
        1,
        0,
        0,
        0,
        0,
        0,
        null,
        0,
        0,
        null,
        null,
        0,
        0,
        0,
        null,
        null,
        null,
        null,
        null,
        null,
        null,
        null,
        null,
        1,
        8,
        0,
        null,
        8,
        null,
        null,
        null,
        null
      ],
      "/Users/dmcnelis/Development/api/app/models/concerns/client_level_enum.rb": [
        null,
        null,
        1,
        null,
        1,
        null,
        1,
        null,
        1,
        1,
        176,
        null,
        null,
        null,
        1,
        0,
        null,
        null,
        null,
        null,
        1,
        0,
        null,
        null,
        null,
        null,
        null,
        null
      ],
      "/Users/dmcnelis/Development/api/app/models/concerns/client_status_enum.rb": [
        null,
        null,
        1,
        null,
        1,
        null,
        1,
        null,
        1,
        1,
        176,
        null,
        null,
        null,
        1,
        0,
        null,
        null,
        null,
        null,
        1,
        0,
        null,
        null,
        null,
        null,
        null,
        null
      ],
      "/Users/dmcnelis/Development/api/app/models/conference.rb": [
        null,
        null,
        1,
        null,
        1,
        1,
        null,
        null
      ],
      "/Users/dmcnelis/Development/api/app/models/division.rb": [
        null,
        null,
        1,
        null,
        1,
        1,
        null,
        null
      ],
      "/Users/dmcnelis/Development/api/app/models/league.rb": [
        null,
        null,
        1,
        null,
        1,
        1,
        null,
        null
      ],
      "/Users/dmcnelis/Development/api/app/models/tag.rb": [
        null,
        null,
        1,
        null,
        null,
        1,
        null,
        1,
        null,
        1,
        null,
        1,
        1,
        1,
        null,
        null,
        null,
        1,
        null,
        1,
        null,
        null,
        null,
        null,
        null,
        1,
        1,
        null,
        2,
        2,
        null,
        1,
        1,
        null,
        1,
        null,
        1,
        3,
        3,
        3,
        3,
        3,
        null,
        null,
        null,
        1,
        0,
        null,
        null,
        null,
        null,
        1,
        0,
        null,
        null,
        null,
        null,
        1,
        0,
        null,
        null,
        null,
        null,
        1,
        0,
        null,
        null,
        null,
        1,
        1,
        null,
        null,
        null,
        1,
        0,
        null,
        null,
        null,
        null,
        1,
        0,
        null,
        0,
        null,
        0,
        null,
        0,
        0,
        0,
        0,
        0,
        null,
        null,
        null,
        null,
        0,
        null,
        null,
        null,
        null,
        null,
        1,
        null,
        null,
        1,
        0,
        null,
        null,
        null,
        null,
        1,
        0,
        0,
        null,
        0,
        null,
        null,
        null,
        null,
        null,
        1,
        0,
        0,
        null,
        0,
        null,
        null,
        null,
        null,
        null,
        1,
        0,
        null,
        null,
        null,
        null,
        null,
        null,
        1,
        1,
        null,
        null,
        null,
        null,
        1,
        0,
        null,
        null,
        null,
        null,
        1,
        0,
        null,
        null,
        null,
        1,
        8,
        null,
        null,
        1,
        14,
        null,
        null,
        null,
        null
      ],
      "/Users/dmcnelis/Development/api/app/models/concerns/as_enum.rb": [
        null,
        null,
        1,
        null,
        1,
        null,
        1,
        null,
        1,
        1,
        169,
        null,
        null,
        null,
        1,
        1,
        null,
        null,
        null,
        null,
        1,
        0,
        null,
        null,
        null,
        null,
        null,
        null
      ],
      "/Users/dmcnelis/Development/api/app/models/tagging.rb": [
        null,
        null,
        1,
        null,
        1,
        null,
        1,
        null,
        1,
        1,
        null,
        1,
        null,
        null,
        1,
        null,
        1,
        null,
        1,
        null,
        1,
        1,
        null,
        1,
        1,
        null,
        1,
        1,
        null,
        1,
        null,
        null,
        null,
        1,
        null,
        null,
        1,
        0,
        0,
        null,
        0,
        null,
        null,
        null,
        null
      ],
      "/Users/dmcnelis/Development/api/app/models/team.rb": [
        null,
        null,
        1,
        null,
        1,
        1,
        null,
        1,
        1,
        null,
        1,
        1,
        1,
        1,
        null,
        1,
        1,
        null,
        null,
        1,
        null,
        1,
        1,
        null,
        null,
        1,
        null,
        1,
        1,
        1,
        1,
        null,
        null,
        1,
        null,
        206,
        null,
        null,
        206,
        null,
        null,
        206,
        206,
        null,
        null,
        206,
        null,
        null,
        206,
        null,
        null,
        206,
        null,
        null,
        206,
        null,
        206,
        null,
        null,
        1,
        3,
        3,
        3,
        3,
        null,
        null,
        null,
        null,
        1,
        6,
        null,
        null,
        1,
        10,
        null,
        null,
        1,
        206,
        null,
        null,
        1,
        0,
        0,
        0,
        null,
        null,
        null,
        null,
        null,
        null,
        null,
        null,
        null,
        null
      ],
      "/Users/dmcnelis/Development/api/app/models/concerns/team_level_enum.rb": [
        null,
        null,
        1,
        null,
        1,
        null,
        1,
        null,
        1,
        1,
        205,
        null,
        null,
        null,
        1,
        0,
        null,
        null,
        null,
        null,
        1,
        0,
        null,
        null,
        null,
        null,
        null,
        null
      ],
      "/Users/dmcnelis/Development/api/app/models/concerns/team_kind_enum.rb": [
        null,
        null,
        1,
        null,
        1,
        null,
        1,
        null,
        1,
        1,
        205,
        null,
        null,
        null,
        1,
        0,
        null,
        null,
        null,
        null,
        1,
        0,
        null,
        null,
        null,
        null,
        null,
        null
      ],
      "/Users/dmcnelis/Development/api/app/models/user.rb": [
        null,
        null,
        1,
        null,
        1,
        null,
        1,
        null,
        1,
        null,
        1,
        1,
        1,
        1,
        null,
        1,
        1,
        3,
        3,
        3,
        3,
        3,
        null,
        null,
        1,
        3,
        null,
        null,
        1,
        47,
        47,
        28,
        28,
        null,
        null,
        null,
        null,
        null,
        1,
        69,
        null,
        null,
        1,
        34,
        34,
        null,
        null,
        1,
        5,
        232,
        null,
        null,
        null,
        null
      ],
      "/Users/dmcnelis/Development/api/app/models/concerns/gender_enum.rb": [
        null,
        null,
        1,
        null,
        1,
        null,
        1,
        null,
        1,
        1,
        1,
        null,
        null,
        null,
        1,
        0,
        null,
        null,
        null,
        null,
        1,
        0,
        null,
        null,
        null,
        null,
        null,
        null
      ],
      "/Users/dmcnelis/Development/api/app/policies/application_policy.rb": [
        null,
        null,
        1,
        1,
        null,
        1,
        18,
        18,
        null,
        null,
        1,
        2,
        null,
        null,
        1,
        4,
        null,
        null,
        1,
        2,
        null,
        null,
        1,
        4,
        null,
        null,
        1,
        2,
        null,
        null,
        1,
        4,
        null,
        null,
        1,
        2,
        null,
        null,
        1,
        4,
        null,
        null,
        1,
        2,
        null,
        null,
        null,
        1,
        0,
        null,
        null,
        null,
        1,
        1,
        null,
        1,
        8,
        8,
        null,
        null,
        1,
        2,
        null,
        null,
        null
      ],
      "/Users/dmcnelis/Development/api/app/policies/client_policy.rb": [
        null,
        null,
        null,
        null,
        1,
        1,
        null,
        1,
        26,
        26,
        null,
        null,
        1,
        6,
        null,
        null,
        1,
        5,
        null,
        null,
        1,
        4,
        null,
        null,
        1,
        6,
        null,
        null,
        1,
        5,
        null,
        null,
        1,
        1,
        2,
        1,
        null,
        1,
        null,
        null,
        null,
        null
      ],
      "/Users/dmcnelis/Development/api/app/policies/tag_policy.rb": [
        null,
        null,
        1,
        1,
        null,
        1,
        29,
        29,
        null,
        null,
        1,
        5,
        null,
        null,
        1,
        6,
        null,
        null,
        1,
        4,
        null,
        null,
        1,
        7,
        null,
        null,
        1,
        7,
        null,
        null,
        1,
        1,
        2,
        1,
        null,
        1,
        null,
        null,
        null,
        null
      ],
      "/Users/dmcnelis/Development/api/app/policies/team_policy.rb": [
        null,
        null,
        1,
        1,
        null,
        1,
        28,
        28,
        null,
        null,
        1,
        5,
        null,
        null,
        1,
        5,
        null,
        null,
        1,
        4,
        null,
        null,
        1,
        7,
        null,
        null,
        1,
        7,
        null,
        null,
        1,
        1,
        2,
        1,
        null,
        1,
        null,
        null,
        null,
        null
      ],
      "/Users/dmcnelis/Development/api/app/models/credential.rb": [
        null,
        null,
        1,
        null,
        1,
        null,
        1,
        1,
        1,
        null,
        1,
        null,
        null
      ],
      "/Users/dmcnelis/Development/api/app/models/concerns/credence.rb": [
        null,
        null,
        1,
        1,
        null,
        1,
        null,
        1,
        null,
        1,
        null,
        1,
        1,
        1,
        1,
        1,
        null,
        1,
        1,
        1,
        null,
        null,
        null,
        null,
        null,
        null,
        null,
        null,
        null,
        1,
        0,
        0,
        0,
        0,
        0,
        0,
        0,
        0,
        null,
        null,
        null,
        0,
        0,
        0,
        0,
        null,
        0,
        0,
        null,
        null,
        null,
        null,
        null,
        null,
        null,
        1,
        574,
        null,
        null,
        null,
        null,
        null,
        1,
        574,
        null,
        null,
        1,
        null,
        null,
        null,
        null,
        null,
        1,
        0,
        null,
        0,
        null,
        0,
        null,
        0,
        null,
        0,
        null,
        null,
        null,
        null,
        null,
        1,
        1,
        1,
        1,
        null,
        1,
        1,
        1,
        null,
        1,
        null,
        null,
        null,
        null,
        null,
        null,
        null,
        null,
        null,
        null,
        null,
        null,
        null,
        null,
        null,
        null,
        null,
        null,
        1,
        null,
        null,
        null,
        null,
        1,
        1,
        null,
        0,
        0,
        null,
        null,
        null,
        1,
        null,
        1,
        1,
        null,
        1,
        null,
        1,
        1,
        1148,
        null,
        1,
        1149,
        null,
        null,
        1,
        null,
        0,
        0,
        null,
        null,
        null,
        null,
        null,
        1,
        0,
        null,
        null,
        null,
        null,
        1,
        0,
        null,
        null,
        null,
        null,
        1,
        0,
        0,
        null,
        null,
        null,
        null,
        null,
        null,
        null,
        1,
        null,
        1,
        1,
        null,
        0,
        0,
        null,
        null,
        null,
        1,
        1,
        null,
        1,
        null,
        1,
        null,
        1,
        null,
        0,
        0,
        null,
        null,
        null,
        null,
        null,
        1,
        0,
        null,
        null,
        null,
        null,
        null,
        null,
        null,
        1,
        1,
        1,
        null,
        0,
        0,
        null,
        null,
        1,
        1,
        null,
        1,
        null,
        1,
        1,
        null,
        1,
        null,
        0,
        0,
        null,
        null,
        null,
        null,
        null,
        1,
        0,
        null,
        null,
        null,
        null,
        null,
        null,
        1,
        null,
        null,
        null,
        null,
        null,
        null,
        null,
        null,
        null,
        null,
        null,
        1,
        0,
        0,
        0,
        0,
        0,
        0,
        null,
        0,
        0,
        0,
        0,
        0,
        0,
        0,
        0,
        null,
        0,
        null,
        null,
        null,
        null,
        null,
        1,
        null,
        null,
        1,
        574,
        574,
        0,
        574,
        574,
        574,
        null,
        null,
        null,
        null,
        null,
        1,
        0,
        null,
        null,
        null,
        null,
        null,
        null,
        1,
        null,
        3,
        null,
        null,
        null,
        null,
        null,
        null,
        1,
        3,
        null,
        null,
        null,
        null,
        1,
        null,
        null,
        1,
        0,
        0,
        0,
        null,
        0,
        null,
        null,
        null,
        null,
        null,
        1,
        0,
        null,
        null,
        null,
        null,
        1,
        574,
        null,
        null,
        null,
        null,
        null,
        null,
        null,
        null,
        1,
        0,
        0,
        0,
        null,
        0,
        null,
        null,
        null,
        null,
        null,
        null,
        null,
        null,
        null,
        1,
        0,
        null,
        null,
        null,
        null,
        1,
        1148,
        null,
        null,
        null,
        1,
        null,
        null,
        null,
        null,
        1,
        0,
        null,
        null,
        null,
        null,
        null,
        1,
        0,
        null,
        null,
        null,
        null,
        null,
        null,
        null,
        null,
        null,
        null,
        1,
        0,
        0,
        0,
        null,
        null,
        null,
        null,
        null,
        null,
        null,
        null,
        null,
        null,
        1,
        0,
        null,
        null,
        null,
        null,
        null,
        null,
        null,
        1,
        5740,
        null,
        null,
        null,
        1,
        5740,
        null,
        null,
        null,
        null,
        null,
        null,
        1,
        574,
        574,
        574,
        5740,
        5740,
        null,
        574,
        null,
        null,
        null,
        null,
        null,
        null,
        null,
        1,
        0,
        0,
        0,
        0,
        0,
        0,
        null,
        null,
        null,
        null,
        null,
        null,
        null,
        null,
        null,
        null,
        null,
        1,
        0,
        0,
        0,
        0,
        null,
        null,
        null,
        null,
        null,
        null,
        null,
        null,
        null,
        1,
        0,
        null,
        null,
        null,
        null,
        null,
        null,
        null,
        1,
        0,
        null,
        null,
        null,
        null,
        null,
        null,
        null,
        null,
        null,
        1,
        0,
        null,
        null,
        null,
        null,
        null,
        null,
        null,
        null,
        null,
        null,
        1,
        0,
        0,
        0,
        0,
        0,
        0,
        0,
        0,
        0,
        null,
        0,
        null,
        0,
        null,
        0,
        null,
        null,
        null,
        null,
        null,
        1,
        0,
        0,
        null,
        null,
        null,
        null,
        1,
        1148,
        1148,
        574,
        null,
        null,
        null,
        null,
        null,
        1,
        0,
        0,
        null,
        null,
        null,
        null,
        null,
        null,
        null
      ],
      "/Users/dmcnelis/Development/api/lib/encrypted_string.rb": [
        1,
        null,
        1,
        null,
        null,
        null,
        null,
        null,
        1,
        99876,
        null,
        null,
        null,
        null,
        null,
        null,
        null,
        null,
        null,
        1,
        13782,
        13782,
        null,
        0,
        null,
        null,
        null,
        null,
        null,
        null
      ],
      "/Users/dmcnelis/Development/api/lib/encrypted_hash.rb": [
        1,
        null,
        1,
        null,
        null,
        null,
        null,
        null,
        1,
        14350,
        null,
        null,
        null,
        null,
        null,
        null,
        null,
        null,
        null,
        1,
        4592,
        null,
        null,
        null,
        null,
        null
      ],
      "/Users/dmcnelis/Development/api/app/serializers/client_serializer.rb": [
        null,
        null,
        1,
        1,
        null,
        1,
        8,
        null,
        null,
        1,
        8,
        null,
        null,
        null
      ],
      "/Users/dmcnelis/Development/api/app/serializers/tag_serializer.rb": [
        null,
        null,
        1,
        1,
        null,
        null,
        null,
        null,
        null,
        1,
        8,
        null,
        null,
        1,
        8,
        null,
        null,
        1,
        8,
        null,
        null,
        null,
        null,
        null,
        null,
        null
      ],
      "/Users/dmcnelis/Development/api/app/serializers/team_serializer.rb": [
        null,
        null,
        1,
        1,
        null
      ]
    },
    "timestamp": 1428375499
  }
}
